[(DData ("unit", (PBase (TBase (Type U))),
    [(DCons ("tt", (PBase (TBase (Id "unit")))))]));
  (DData ("nat", (PBase (TBase (Type U))),
     [(DCons ("O", (PBase (TBase (Id "nat")))));
       (DCons ("S", (PBase (TBind (R, "", (Id "nat"), (TBase (Id "nat")))))))
       ]
     ));
  (DData ("tupL",
     (PBind ("A", (Type L), (PBind ("B", (Type U), (PBase (TBase (Type L)))))
        )),
     [(DCons ("TupL",
         (PBind ("A", (Type L),
            (PBind ("B", (Type U),
               (PBase
                  (TBind (R, "", (Id "A"),
                     (TBind (R, "", (Id "B"),
                        (TBase (App [(Id "tupL"); (Id "A"); (Id "B")]))))
                     )))
               ))
            ))
         ))
       ]
     ));
  (DData ("list", (PBind ("A", (Type U), (PBase (TBase (Type L))))),
     [(DCons ("nil",
         (PBind ("A", (Type U), (PBase (TBase (App [(Id "list"); (Id "A")])))
            ))
         ));
       (DCons ("cons",
          (PBind ("A", (Type U),
             (PBase
                (TBind (R, "", (Id "A"),
                   (TBind (R, "", (App [(Id "list"); (Id "A")]),
                      (TBase (App [(Id "list"); (Id "A")]))))
                   )))
             ))
          ))
       ]
     ));
  (DData ("ex",
     (PBind ("A", (Type L),
        (PBind ("P", (Pi (R, U, "", (Id "A"), (Type U))),
           (PBase (TBase (Type L)))))
        )),
     [(DCons ("Ex",
         (PBind ("A", (Type L),
            (PBind ("P", (Pi (R, U, "", (Id "A"), (Type U))),
               (PBase
                  (TBind (R, "x", (Id "A"),
                     (TBind (N, "", (App [(Id "P"); (Id "x")]),
                        (TBase (App [(Id "ex"); (Id "A"); (Id "P")]))))
                     )))
               ))
            ))
         ))
       ]
     ));
  (DData ("eq",
     (PBind ("A", (Type L),
        (PBind ("x", (Id "A"),
           (PBase (TBind (R, "", (Id "A"), (TBase (Type U)))))))
        )),
     [(DCons ("refl",
         (PBind ("A", (Type L),
            (PBind ("x", (Id "A"),
               (PBase (TBase (App [(Id "eq"); (Id "A"); (Id "x"); (Id "x")])))
               ))
            ))
         ))
       ]
     ));
  (DTm (N, "rw",
     [(R, "A", (Type L)); (R, "m", (Id "A"));
       (R, "P", (Pi (R, U, "", (Id "A"), (Type U))));
       (R, "pf", (App [(Id "P"); (Id "m")])); (R, "n", (Id "A"));
       (R, "e", (App [(Id "eq"); (Id "A"); (Id "m"); (Id "n")]))],
     (Some (App [(Id "P"); (Id "n")])),
     (Match ((Id "e"),
        (Mot2 ((PData ("eq", ["_"; "_"; "x"])), (App [(Id "P"); (Id "x")]))),
        [((PCons ("refl", [])), (Id "pf"))]))
     ));
  (DTm (N, "eq_sym",
     [(R, "A", (Type L)); (R, "m", (Id "A")); (R, "n", (Id "A"));
       (R, "e", (App [(Id "eq"); (Id "A"); (Id "m"); (Id "n")]))],
     (Some (App [(Id "eq"); (Id "A"); (Id "n"); (Id "m")])),
     (App
        [(Id "rw"); (Id "A"); (Id "m");
          (Lam (R, U, "x", (App [(Id "eq"); (Id "_"); (Id "x"); (Id "m")])));
          (Id "refl"); (Id "n"); (Id "e")])
     ));
  (DTm (N, "rwr",
     [(R, "A", (Type L)); (R, "m", (Id "A"));
       (R, "P", (Pi (R, U, "", (Id "A"), (Type U))));
       (R, "pf", (App [(Id "P"); (Id "m")])); (R, "n", (Id "A"));
       (R, "e", (App [(Id "eq"); (Id "A"); (Id "n"); (Id "m")]))],
     (Some (App [(Id "P"); (Id "n")])),
     (App
        [(Id "rw"); (Id "A"); (Id "m");
          (Lam (R, U, "x", (App [(Id "P"); (Id "x")]))); (Id "pf"); (
          Id "n");
          (App [(Id "eq_sym"); (Id "_"); (Id "_"); (Id "_"); (Id "e")])])
     ));
  (DTm (R, "fst",
     [(N, "A", (Type L)); (N, "B", (Type U));
       (R, "p", (App [(Id "tupL"); (Id "A"); (Id "B")]))],
     (Some (Id "A")),
     (Match ((Id "p"), Mot0, [((PCons ("TupL", ["a"; "_"])), (Id "a"))]))));
  (DTm (R, "size",
     [(N, "A", (Type U)); (R, "xs", (App [(Id "list"); (Id "A")]))],
     (Some (App [(Id "tupL"); (App [(Id "list"); (Id "A")]); (Id "nat")])),
     (Match ((Id "xs"), Mot0,
        [((PCons ("nil", [])), (App [(Id "TupL"); (Id "nil"); (Id "O")]));
          ((PCons ("cons", ["x"; "xs"])),
           (Match ((App [(Id "size"); (Id "_"); (Id "xs")]), Mot0,
              [((PCons ("TupL", ["xs"; "sz"])),
                (App
                   [(Id "TupL"); (App [(Id "cons"); (Id "x"); (Id "xs")]);
                     (App [(Id "S"); (Id "sz")])]))
                ]
              )))
          ]
        ))
     ));
  (DTm (N, "size_id",
     [(R, "A", (Type U)); (R, "ls", (App [(Id "list"); (Id "A")]))],
     (Some (App
              [(Id "eq"); (Id "_");
                (App
                   [(Id "fst"); (Id "_"); (Id "_");
                     (App [(Id "size"); (Id "_"); (Id "ls")])]);
                (Id "ls")])),
     (Match ((Id "ls"),
        (Mot1 ("ls0",
           (App
              [(Id "eq"); (App [(Id "list"); (Id "A")]);
                (App
                   [(Id "fst"); (Id "_"); (Id "_");
                     (App [(Id "size"); (Id "_"); (Id "ls0")])]);
                (Id "ls0")])
           )),
        [((PCons ("nil", [])), (Id "refl"));
          ((PCons ("cons", ["x"; "xs"])),
           (Let (R, "p", (App [(Id "size"); (Id "A"); (Id "xs")]),
              (Let (R, "e",
                 (Ann (
                    (App
                       [(Id "eq");
                         (App
                            [(Id "tupL"); (App [(Id "list"); (Id "A")]);
                              (Id "nat")]);
                         (Id "p"); (App [(Id "size"); (Id "A"); (Id "xs")])]),
                    (Id "refl"))),
                 (App
                    [(Match ((Id "p"),
                        (Mot1 ("p0",
                           (Pi (R, U, "",
                              (App
                                 [(Id "eq"); (Id "_"); (Id "p0");
                                   (App [(Id "size"); (Id "A"); (Id "xs")])]),
                              (App
                                 [(Id "eq"); (Id "_");
                                   (App
                                      [(Id "fst"); (Id "_"); (Id "_");
                                        (Match ((Id "p0"), Mot0,
                                           [((PCons ("TupL", ["xs0"; "sz"])),
                                             (App
                                                [(Id "TupL");
                                                  (App
                                                     [(Id "cons"); (Id "x");
                                                       (Id "xs0")]);
                                                  (App [(Id "S"); (Id "sz")])
                                                  ]))
                                             ]
                                           ))
                                        ]);
                                   (App [(Id "cons"); (Id "x"); (Id "xs")])])
                              ))
                           )),
                        [((PCons ("TupL", ["a"; "b"])),
                          (Lam (R, U, "e0",
                             (Let (R, "H0",
                                (Ann (
                                   (App
                                      [(Id "eq"); (Id "_");
                                        (App
                                           [(Id "fst"); (Id "_"); (Id "_");
                                             (App
                                                [(Id "size"); (Id "A");
                                                  (Id "xs")])
                                             ]);
                                        (Id "xs")]),
                                   (App [(Id "size_id"); (Id "A"); (Id "xs")])
                                   )),
                                (Let (R, "H1",
                                   (Ann (
                                      (App
                                         [(Id "eq"); (Id "_");
                                           (App
                                              [(Id "fst"); (Id "_");
                                                (Id "_");
                                                (App
                                                   [(Id "TupL"); (Id "a");
                                                     (Id "b")])
                                                ]);
                                           (Id "xs")]),
                                      (App
                                         [(Id "rwr"); (Id "_"); (Id "_");
                                           (Lam (R, U, "p0",
                                              (App
                                                 [(Id "eq"); (Id "_");
                                                   (App
                                                      [(Id "fst"); (Id "_");
                                                        (Id "_"); (Id "p0")]);
                                                   (Id "xs")])
                                              ));
                                           (Id "H0"); (Id "_"); (Id "e0")])
                                      )),
                                   (App
                                      [(Id "rwr"); (Id "_"); (Id "_");
                                        (Lam (R, U, "l",
                                           (App
                                              [(Id "eq");
                                                (App [(Id "list"); (Id "A")]);
                                                (App
                                                   [(Id "cons"); (Id "x");
                                                     (Id "l")]);
                                                (App
                                                   [(Id "cons"); (Id "x");
                                                     (Id "xs")])
                                                ])
                                           ));
                                        (Id "refl"); (Id "_"); (Id "H1")])
                                   ))
                                ))
                             )))
                          ]
                        ));
                      (Id "e")])
                 ))
              )))
          ]
        ))
     ))
  ]
parse success---------------------------------------

inductive unit_d1 : U where
| tt_c1 : unit_d1

inductive nat_d2 : U where
| O_c2 : nat_d2
| S_c3 : nat_d2 -> nat_d2

inductive tupL_d3 (A_138 : L) (B_139 : U) : L where
| TupL_c4 (A_140 : L) (B_141 : U) : A_140 -> B_141 -> (tupL_d3 A_140 B_141)

inductive list_d4 (A_145 : U) : L where
| nil_c5 (A_146 : U) : (list_d4 A_146)
| cons_c6 (A_147 : U) : A_147 -> (list_d4 A_147) -> (list_d4 A_147)

inductive ex_d5 (A_151 : L) (P_152 : A_151 -> U) : L where
| Ex_c7 (A_154 : L) (P_155 : A_154 -> U) :
  ∀ (x_157 : A_154) -> {((P_155) x_157)} -> (ex_d5 A_154 P_155)

inductive eq_d6 (A_159 : L) (x_160 : A_159) : A_159 -> U where
| refl_c8 (A_162 : L) (x_163 : A_162) : (eq_d6 A_162 x_163 x_163)

theorem rw_26 :
  ∀ (A_164 : L) ->
    ∀ (m_166 : A_164) ->
      ∀ (P_170 : A_164 -> U) ->
        ((P_170) m_166) ->
          ∀ (n_176 : A_164) -> (eq_d6 A_164 m_166 n_176) -> ((P_170) n_176) :=
  fun A_179 m_180 P_181 pf_182 n_183 e_184  ->
    match e_184 in (eq_d6 __185 __186 x_187) return ((P_181) x_187) with
    | refl_c8 -> pf_182

theorem eq_sym_47 :
  ∀ (A_188 : L) ->
    ∀ (m_190 : A_188) ->
      ∀ (n_193 : A_188) ->
        (eq_d6 A_188 m_190 n_193) -> (eq_d6 A_188 n_193 m_190) :=
  fun A_196 m_197 n_198 e_199  ->
    ((rw_26)
      A_196 m_197 fun x_200 -> (eq_d6 ??1 x_200 m_197) refl_c8 n_198 e_199)

theorem rwr_59 :
  ∀ (A_201 : L) ->
    ∀ (m_203 : A_201) ->
      ∀ (P_207 : A_201 -> U) ->
        ((P_207) m_203) ->
          ∀ (n_213 : A_201) -> (eq_d6 A_201 n_213 m_203) -> ((P_207) n_213) :=
  fun A_216 m_217 P_218 pf_219 n_220 e_221  ->
    ((rw_26)
      A_216 m_217 fun x_222 -> ((P_218) x_222) pf_219 n_220
      ((eq_sym_47) ??2 ??3 ??4 e_221))

def fst_76 :
  ∀ {A_223 : L} -> ∀ {B_226 : U} -> (tupL_d3 A_223 B_226) -> A_223 :=
  fun {A_229 B_230} p_231 ->
    match p_231 with
    | (TupL_c4 a_232 __233) -> a_232

def size_88 :
  ∀ {A_234 : U} -> (list_d4 A_234) -> (tupL_d3 (list_d4 A_234) nat_d2) :=
  fix size_237 {A_238} xs_239 ->
    match xs_239 with
    | nil_c5 -> (TupL_c4 nil_c5 O_c2)
    | (cons_c6 x_240 xs_241) ->
      match ((size_237) ??5 xs_241) with
      | (TupL_c4 xs_242 sz_243) ->
        (TupL_c4 (cons_c6 x_240 xs_242) (S_c3 sz_243))

theorem size_id_102 :
  ∀ (A_244 : U) ->
    ∀ (ls_246 : (list_d4 A_244)) ->
      (eq_d6 ??6 ((fst_76) ??7 ??8 ((size_88) ??9 ls_246)) ls_246) :=
  fix size_id_247 A_248 ls_249  ->
    match ls_249 as ls0_250 return
      (eq_d6 (list_d4 A_248) ((fst_76) ??10 ??11 ((size_88) ??12 ls0_250))
      ls0_250)
    with
    | nil_c5 -> refl_c8
    | (cons_c6 x_251 xs_252) ->
      let p_253 := ((size_88) A_248 xs_252) in
      let e_254 :=
        (@[(eq_d6 (tupL_d3 (list_d4 A_248) nat_d2) p_253
           ((size_88) A_248 xs_252))]
        refl_c8)
      in
      ((match p_253 as p0_255 return
          (eq_d6 ??13 p0_255 ((size_88) A_248 xs_252)) ->
            (eq_d6 ??14
            ((fst_76)
              ??15 ??16
              match p0_255 with
              | (TupL_c4 xs0_259 sz_260) ->
                (TupL_c4 (cons_c6 x_251 xs0_259) (S_c3 sz_260)))
            (cons_c6 x_251 xs_252))
        with
        | (TupL_c4 a_261 b_262) ->
          fun e0_263 ->
            let H0_264 :=
              (@[(eq_d6 ??17 ((fst_76) ??18 ??19 ((size_88) A_248 xs_252))
                 xs_252)]
              ((size_id_247) A_248 xs_252))
            in
            let H1_265 :=
              (@[(eq_d6 ??20 ((fst_76) ??21 ??22 (TupL_c4 a_261 b_262))
                 xs_252)]
              ((rwr_59)
                ??23 ??24
                fun p0_266 -> (eq_d6 ??25 ((fst_76) ??26 ??27 p0_266) xs_252)
                H0_264 ??28 e0_263))
            in
            ((rwr_59)
              ??29 ??30
              fun l_267 ->
                (eq_d6 (list_d4 A_248) (cons_c6 x_251 l_267)
                (cons_c6 x_251 xs_252))
              refl_c8 ??31 H1_265))
        e_254)

trans01 success---------------------------------------

inductive unit_d1 : U where
| tt_c1 : unit_d1

inductive nat_d2 : U where
| O_c2 : nat_d2
| S_c3 : nat_d2 -> nat_d2

inductive tupL_d3 (A_1176 : L) (B_1177 : U) : L where
| TupL_c4 (A_1178 : L) (B_1179 : U) :
  A_1178 -> B_1179 -> (tupL_d3 A_1178 B_1179)

inductive list_d4 (A_1183 : U) : L where
| nil_c5 (A_1184 : U) : (list_d4 A_1184)
| cons_c6 (A_1185 : U) : A_1185 -> (list_d4 A_1185) -> (list_d4 A_1185)

inductive ex_d5 (A_1189 : L) (P_1190 : A_1189 -> U) : L where
| Ex_c7 (A_1192 : L) (P_1193 : A_1192 -> U) :
  ∀ (x_1195 : A_1192) -> {((P_1193) x_1195)} -> (ex_d5 A_1192 P_1193)

inductive eq_d6 (A_1197 : L) (x_1198 : A_1197) : A_1197 -> U where
| refl_c8 (A_1200 : L) (x_1201 : A_1200) : (eq_d6 A_1200 x_1201 x_1201)

theorem rw_26 :
  ∀ (A_1202 : L) ->
    ∀ (m_1204 : A_1202) ->
      ∀ (P_1208 : A_1202 -> U) ->
        ((P_1208) m_1204) ->
          ∀ (n_1214 : A_1202) ->
            (eq_d6 A_1202 m_1204 n_1214) -> ((P_1208) n_1214) :=
  fun A_1217 m_1218 P_1219 pf_1220 n_1221 e_1222  ->
    match e_1222 in (eq_d6 __1223 __1224 x_1225) return ((P_1219) x_1225)
    with
    | refl_c8 -> pf_1220

theorem eq_sym_47 :
  ∀ (A_1226 : L) ->
    ∀ (m_1228 : A_1226) ->
      ∀ (n_1231 : A_1226) ->
        (eq_d6 A_1226 m_1228 n_1231) -> (eq_d6 A_1226 n_1231 m_1228) :=
  fun A_1234 m_1235 n_1236 e_1237  ->
    ((rw_26)
      A_1234 m_1235 fun x_1238 -> (eq_d6 A_1234 x_1238 m_1235) refl_c8 n_1236
      e_1237)

theorem rwr_59 :
  ∀ (A_1239 : L) ->
    ∀ (m_1241 : A_1239) ->
      ∀ (P_1245 : A_1239 -> U) ->
        ((P_1245) m_1241) ->
          ∀ (n_1251 : A_1239) ->
            (eq_d6 A_1239 n_1251 m_1241) -> ((P_1245) n_1251) :=
  fun A_1254 m_1255 P_1256 pf_1257 n_1258 e_1259  ->
    ((rw_26)
      A_1254 m_1255 fun x_1260 -> ((P_1256) x_1260) pf_1257 n_1258
      ((eq_sym_47) A_1254 n_1258 m_1255 e_1259))

def fst_76 :
  ∀ {A_1261 : L} -> ∀ {B_1264 : U} -> (tupL_d3 A_1261 B_1264) -> A_1261 :=
  fun {A_1267 B_1268} p_1269 ->
    match p_1269 with
    | (TupL_c4 a_1270 __1271) -> a_1270

def size_88 :
  ∀ {A_1272 : U} -> (list_d4 A_1272) -> (tupL_d3 (list_d4 A_1272) nat_d2) :=
  fix size_1275 {A_1276} xs_1277 ->
    match xs_1277 with
    | nil_c5 -> (TupL_c4 nil_c5 O_c2)
    | (cons_c6 x_1278 xs_1279) ->
      match ((size_1275) A_1276 xs_1279) with
      | (TupL_c4 xs_1280 sz_1281) ->
        (TupL_c4 (cons_c6 x_1278 xs_1280) (S_c3 sz_1281))

theorem size_id_102 :
  ∀ (A_1282 : U) ->
    ∀ (ls_1284 : (list_d4 A_1282)) ->
      (eq_d6 (list_d4 A_1282)
      ((fst_76) (list_d4 A_1282) nat_d2 ((size_88) A_1282 ls_1284)) ls_1284) :=
  fix size_id_1285 A_1286 ls_1287  ->
    match ls_1287 as ls0_1288 return
      (eq_d6 (list_d4 A_1286)
      ((fst_76) (list_d4 A_1286) nat_d2 ((size_88) A_1286 ls0_1288))
      ls0_1288)
    with
    | nil_c5 -> refl_c8
    | (cons_c6 x_1289 xs_1290) ->
      let p_1291 := ((size_88) A_1286 xs_1290) in
      let e_1292 :=
        (@[(eq_d6 (tupL_d3 (list_d4 A_1286) nat_d2) p_1291
           ((size_88) A_1286 xs_1290))]
        refl_c8)
      in
      ((match p_1291 as p0_1293 return
          (eq_d6 (tupL_d3 (list_d4 A_1286) nat_d2) p0_1293
          ((size_88) A_1286 xs_1290)) ->
            (eq_d6 (list_d4 A_1286)
            ((fst_76)
              ??15 ??16
              match p0_1293 with
              | (TupL_c4 xs0_1297 sz_1298) ->
                (TupL_c4 (cons_c6 x_1289 xs0_1297) (S_c3 sz_1298)))
            (cons_c6 x_1289 xs_1290))
        with
        | (TupL_c4 a_1299 b_1300) ->
          fun e0_1301 ->
            let H0_1302 :=
              (@[(eq_d6 (list_d4 (@[U]A_1286))
                 ((fst_76)
                   (list_d4 (@[U]A_1286)) nat_d2 ((size_88) A_1286 xs_1290))
                 xs_1290)]
              ((size_id_1285) A_1286 xs_1290))
            in
            let H1_1303 :=
              (@[(eq_d6 (list_d4 (@[U]A_1286))
                 ((fst_76)
                   (list_d4 (@[U]A_1286)) nat_d2 (TupL_c4 a_1299 b_1300))
                 xs_1290)]
              ((rwr_59)
                (tupL_d3 (@[L](list_d4 (@[U]A_1286))) (@[U]nat_d2))
                ((size_88) A_1286 xs_1290)
                fun p0_1304 ->
                  (eq_d6 (list_d4 (@[U]A_1286))
                  ((fst_76) (list_d4 (@[U]A_1286)) nat_d2 p0_1304) xs_1290)
                H0_1302 (TupL_c4 a_1299 b_1300) e0_1301))
            in
            ((rwr_59)
              (list_d4 (@[U]A_1286)) xs_1290
              fun l_1305 ->
                (eq_d6 (list_d4 A_1286) (cons_c6 x_1289 l_1305)
                (cons_c6 x_1289 xs_1290))
              refl_c8 a_1299 H1_1303))
        e_1292)

elab1 success---------------------------------------

inductive unit_d1 where
| tt_c1 := 0

inductive nat_d2 where
| O_c2 := 0
| S_c3 := 1

inductive tupL_d3 where
| TupL_c4 := 2

inductive list_d4 where
| nil_c5 := 0
| cons_c6 := 2

inductive ex_d5 where
| Ex_c7 := 2

inductive eq_d6 where
| refl_c8 := 0

def rw_26 := □

def eq_sym_47 := □

def rwr_59 := □

def fst_76 :=
  fun A_1567 B_1568 p_1569 ->
    match p_1569<L>with
    | (TupL_c4 a_1570 __1571) -> a_1570

def size_88 :=
  fix size_1572 A_1573 xs_1574 ->
    match xs_1574<L>with
    | nil_c5 -> (TupL_c4 nil_c5 O_c2)
    | (cons_c6 x_1575 xs_1576) ->
      match ((size_1572) □ xs_1576)<L>with
      | (TupL_c4 xs_1577 sz_1578) ->
        (TupL_c4 (cons_c6 x_1575 xs_1577) (S_c3 sz_1578))

def size_id_102 := □

dyntype1 success---------------------------------------

